<?xml version="1.0" encoding="utf-8"?>
<TestRun id="5b1d92aa-5ecf-45f6-8473-18b552e68bea" name="DESKTOP-O7BEOHL$@DESKTOP-O7BEOHL 2021-01-10 12:04:27" runUser="AUTORIDADE NT\SISTEMA" xmlns="http://microsoft.com/schemas/VisualStudio/TeamTest/2010">
  <Times creation="2021-01-10T12:04:27.3491939-03:00" queuing="2021-01-10T12:04:27.3491947-03:00" start="2021-01-10T12:04:25.2011601-03:00" finish="2021-01-10T12:04:27.3551143-03:00" />
  <TestSettings name="default" id="229d5de6-7e63-4b66-a0a3-70b5e5eff130">
    <Deployment runDeploymentRoot="DESKTOP-O7BEOHL$_DESKTOP-O7BEOHL_2021-01-10_12_04_27" />
  </TestSettings>
  <Results>
    <UnitTestResult executionId="0f9350d5-1388-4cb9-9e5f-04c5be463204" testId="2b4fca28-ecd5-ccec-0dd3-e478faf4e401" testName="Achei.Client.Services.Test.ClientTest.TestMapperClientViewModelToClientEntity" computerName="DESKTOP-O7BEOHL" duration="00:00:00.1723439" startTime="2021-01-10T12:04:27.1899649-03:00" endTime="2021-01-10T12:04:27.1900708-03:00" testType="13cdc9d9-ddb5-4fa4-a97d-d965ccfc6d4b" outcome="Passed" testListId="8c84fa94-04c1-424b-9868-57a2d4851a1d" relativeResultsDirectory="0f9350d5-1388-4cb9-9e5f-04c5be463204" />
    <UnitTestResult executionId="bb7ec778-7d9b-4fe8-a012-5ccb6157562f" testId="234792a4-c706-74dd-6f02-8ebde0847852" testName="Achei.Client.Services.Test.ClientTest.TestMapperAddressEntityToAddressViewModel" computerName="DESKTOP-O7BEOHL" duration="00:00:00.0045429" startTime="2021-01-10T12:04:27.2022729-03:00" endTime="2021-01-10T12:04:27.2022749-03:00" testType="13cdc9d9-ddb5-4fa4-a97d-d965ccfc6d4b" outcome="Passed" testListId="8c84fa94-04c1-424b-9868-57a2d4851a1d" relativeResultsDirectory="bb7ec778-7d9b-4fe8-a012-5ccb6157562f" />
    <UnitTestResult executionId="ceba91d4-5793-404d-9966-4ddde8e2de45" testId="bd65a7ac-c755-d842-5505-864c7c69978a" testName="Achei.Client.Services.Test.ClientTest.TestMapperClientEntityToClientViewModel" computerName="DESKTOP-O7BEOHL" duration="00:00:00.0081315" startTime="2021-01-10T12:04:27.1977217-03:00" endTime="2021-01-10T12:04:27.1977233-03:00" testType="13cdc9d9-ddb5-4fa4-a97d-d965ccfc6d4b" outcome="Passed" testListId="8c84fa94-04c1-424b-9868-57a2d4851a1d" relativeResultsDirectory="ceba91d4-5793-404d-9966-4ddde8e2de45" />
  </Results>
  <TestDefinitions>
    <UnitTest name="Achei.Client.Services.Test.ClientTest.TestMapperClientEntityToClientViewModel" storage="c:\windows\system32\config\systemprofile\appdata\local\jenkins\.jenkins\workspace\coalaspace-test-jenkins-webapi\achei.client.services.test\bin\debug\netcoreapp3.1\achei.client.services.test.dll" id="bd65a7ac-c755-d842-5505-864c7c69978a">
      <Execution id="ceba91d4-5793-404d-9966-4ddde8e2de45" />
      <TestMethod codeBase="C:\Windows\System32\config\systemprofile\AppData\Local\Jenkins\.jenkins\workspace\CoalaSpace-Test-Jenkins-WebAPI\Achei.Client.Services.Test\bin\Debug\netcoreapp3.1\Achei.Client.Services.Test.dll" adapterTypeName="executor://xunit/VsTestRunner2/netcoreapp" className="Achei.Client.Services.Test.ClientTest" name="TestMapperClientEntityToClientViewModel" />
    </UnitTest>
    <UnitTest name="Achei.Client.Services.Test.ClientTest.TestMapperClientViewModelToClientEntity" storage="c:\windows\system32\config\systemprofile\appdata\local\jenkins\.jenkins\workspace\coalaspace-test-jenkins-webapi\achei.client.services.test\bin\debug\netcoreapp3.1\achei.client.services.test.dll" id="2b4fca28-ecd5-ccec-0dd3-e478faf4e401">
      <Execution id="0f9350d5-1388-4cb9-9e5f-04c5be463204" />
      <TestMethod codeBase="C:\Windows\System32\config\systemprofile\AppData\Local\Jenkins\.jenkins\workspace\CoalaSpace-Test-Jenkins-WebAPI\Achei.Client.Services.Test\bin\Debug\netcoreapp3.1\Achei.Client.Services.Test.dll" adapterTypeName="executor://xunit/VsTestRunner2/netcoreapp" className="Achei.Client.Services.Test.ClientTest" name="TestMapperClientViewModelToClientEntity" />
    </UnitTest>
    <UnitTest name="Achei.Client.Services.Test.ClientTest.TestMapperAddressEntityToAddressViewModel" storage="c:\windows\system32\config\systemprofile\appdata\local\jenkins\.jenkins\workspace\coalaspace-test-jenkins-webapi\achei.client.services.test\bin\debug\netcoreapp3.1\achei.client.services.test.dll" id="234792a4-c706-74dd-6f02-8ebde0847852">
      <Execution id="bb7ec778-7d9b-4fe8-a012-5ccb6157562f" />
      <TestMethod codeBase="C:\Windows\System32\config\systemprofile\AppData\Local\Jenkins\.jenkins\workspace\CoalaSpace-Test-Jenkins-WebAPI\Achei.Client.Services.Test\bin\Debug\netcoreapp3.1\Achei.Client.Services.Test.dll" adapterTypeName="executor://xunit/VsTestRunner2/netcoreapp" className="Achei.Client.Services.Test.ClientTest" name="TestMapperAddressEntityToAddressViewModel" />
    </UnitTest>
  </TestDefinitions>
  <TestEntries>
    <TestEntry testId="2b4fca28-ecd5-ccec-0dd3-e478faf4e401" executionId="0f9350d5-1388-4cb9-9e5f-04c5be463204" testListId="8c84fa94-04c1-424b-9868-57a2d4851a1d" />
    <TestEntry testId="234792a4-c706-74dd-6f02-8ebde0847852" executionId="bb7ec778-7d9b-4fe8-a012-5ccb6157562f" testListId="8c84fa94-04c1-424b-9868-57a2d4851a1d" />
    <TestEntry testId="bd65a7ac-c755-d842-5505-864c7c69978a" executionId="ceba91d4-5793-404d-9966-4ddde8e2de45" testListId="8c84fa94-04c1-424b-9868-57a2d4851a1d" />
  </TestEntries>
  <TestLists>
    <TestList name="Resultados que não estão em uma lista" id="8c84fa94-04c1-424b-9868-57a2d4851a1d" />
    <TestList name="Todos os resultados carregados" id="19431567-8539-422a-85d7-44ee4e166bda" />
  </TestLists>
  <ResultSummary outcome="Completed">
    <Counters total="3" executed="3" passed="3" failed="0" error="0" timeout="0" aborted="0" inconclusive="0" passedButRunAborted="0" notRunnable="0" notExecuted="0" disconnected="0" warning="0" completed="0" inProgress="0" pending="0" />
    <Output>
      <StdOut>[xUnit.net 00:00:00.00] xUnit.net VSTest Adapter v2.4.0 (64-bit .NET Core 3.1.10)&#xD;
[xUnit.net 00:00:00.65]   Discovering: Achei.Client.Services.Test&#xD;
[xUnit.net 00:00:00.69]   Discovered:  Achei.Client.Services.Test&#xD;
[xUnit.net 00:00:00.69]   Starting:    Achei.Client.Services.Test&#xD;
[xUnit.net 00:00:00.96]   Finished:    Achei.Client.Services.Test&#xD;
</StdOut>
    </Output>
  </ResultSummary>
</TestRun>