<?xml version="1.0" encoding="utf-8"?>
<TestRun id="b9fba133-900b-44c2-9bd9-3048d0994f46" name="DESKTOP-O7BEOHL$@DESKTOP-O7BEOHL 2021-01-10 11:45:15" runUser="AUTORIDADE NT\SISTEMA" xmlns="http://microsoft.com/schemas/VisualStudio/TeamTest/2010">
  <Times creation="2021-01-10T11:45:15.4996119-03:00" queuing="2021-01-10T11:45:15.4996126-03:00" start="2021-01-10T11:45:13.4446883-03:00" finish="2021-01-10T11:45:15.5052775-03:00" />
  <TestSettings name="default" id="4171e8be-729d-44c9-a6b7-139467844eca">
    <Deployment runDeploymentRoot="DESKTOP-O7BEOHL$_DESKTOP-O7BEOHL_2021-01-10_11_45_15" />
  </TestSettings>
  <Results>
    <UnitTestResult executionId="e44ab49a-5b71-4b87-8757-192ac9e3a23f" testId="bd65a7ac-c755-d842-5505-864c7c69978a" testName="Achei.Client.Services.Test.ClientTest.TestMapperClientEntityToClientViewModel" computerName="DESKTOP-O7BEOHL" duration="00:00:00.0079604" startTime="2021-01-10T11:45:15.3520322-03:00" endTime="2021-01-10T11:45:15.3520338-03:00" testType="13cdc9d9-ddb5-4fa4-a97d-d965ccfc6d4b" outcome="Passed" testListId="8c84fa94-04c1-424b-9868-57a2d4851a1d" relativeResultsDirectory="e44ab49a-5b71-4b87-8757-192ac9e3a23f" />
    <UnitTestResult executionId="b70d41cc-f9be-4660-ba45-637d3dce16b8" testId="234792a4-c706-74dd-6f02-8ebde0847852" testName="Achei.Client.Services.Test.ClientTest.TestMapperAddressEntityToAddressViewModel" computerName="DESKTOP-O7BEOHL" duration="00:00:00.0043967" startTime="2021-01-10T11:45:15.3564676-03:00" endTime="2021-01-10T11:45:15.3564689-03:00" testType="13cdc9d9-ddb5-4fa4-a97d-d965ccfc6d4b" outcome="Passed" testListId="8c84fa94-04c1-424b-9868-57a2d4851a1d" relativeResultsDirectory="b70d41cc-f9be-4660-ba45-637d3dce16b8" />
    <UnitTestResult executionId="ce3d18f8-ddcf-42c5-aef1-506f2327c0df" testId="2b4fca28-ecd5-ccec-0dd3-e478faf4e401" testName="Achei.Client.Services.Test.ClientTest.TestMapperClientViewModelToClientEntity" computerName="DESKTOP-O7BEOHL" duration="00:00:00.1595800" startTime="2021-01-10T11:45:15.3442764-03:00" endTime="2021-01-10T11:45:15.3443706-03:00" testType="13cdc9d9-ddb5-4fa4-a97d-d965ccfc6d4b" outcome="Passed" testListId="8c84fa94-04c1-424b-9868-57a2d4851a1d" relativeResultsDirectory="ce3d18f8-ddcf-42c5-aef1-506f2327c0df" />
  </Results>
  <TestDefinitions>
    <UnitTest name="Achei.Client.Services.Test.ClientTest.TestMapperClientEntityToClientViewModel" storage="c:\windows\system32\config\systemprofile\appdata\local\jenkins\.jenkins\workspace\coalaspace-test-jenkins-webapi\achei.client.services.test\bin\debug\netcoreapp3.1\achei.client.services.test.dll" id="bd65a7ac-c755-d842-5505-864c7c69978a">
      <Execution id="e44ab49a-5b71-4b87-8757-192ac9e3a23f" />
      <TestMethod codeBase="C:\Windows\System32\config\systemprofile\AppData\Local\Jenkins\.jenkins\workspace\CoalaSpace-Test-Jenkins-WebAPI\Achei.Client.Services.Test\bin\Debug\netcoreapp3.1\Achei.Client.Services.Test.dll" adapterTypeName="executor://xunit/VsTestRunner2/netcoreapp" className="Achei.Client.Services.Test.ClientTest" name="TestMapperClientEntityToClientViewModel" />
    </UnitTest>
    <UnitTest name="Achei.Client.Services.Test.ClientTest.TestMapperClientViewModelToClientEntity" storage="c:\windows\system32\config\systemprofile\appdata\local\jenkins\.jenkins\workspace\coalaspace-test-jenkins-webapi\achei.client.services.test\bin\debug\netcoreapp3.1\achei.client.services.test.dll" id="2b4fca28-ecd5-ccec-0dd3-e478faf4e401">
      <Execution id="ce3d18f8-ddcf-42c5-aef1-506f2327c0df" />
      <TestMethod codeBase="C:\Windows\System32\config\systemprofile\AppData\Local\Jenkins\.jenkins\workspace\CoalaSpace-Test-Jenkins-WebAPI\Achei.Client.Services.Test\bin\Debug\netcoreapp3.1\Achei.Client.Services.Test.dll" adapterTypeName="executor://xunit/VsTestRunner2/netcoreapp" className="Achei.Client.Services.Test.ClientTest" name="TestMapperClientViewModelToClientEntity" />
    </UnitTest>
    <UnitTest name="Achei.Client.Services.Test.ClientTest.TestMapperAddressEntityToAddressViewModel" storage="c:\windows\system32\config\systemprofile\appdata\local\jenkins\.jenkins\workspace\coalaspace-test-jenkins-webapi\achei.client.services.test\bin\debug\netcoreapp3.1\achei.client.services.test.dll" id="234792a4-c706-74dd-6f02-8ebde0847852">
      <Execution id="b70d41cc-f9be-4660-ba45-637d3dce16b8" />
      <TestMethod codeBase="C:\Windows\System32\config\systemprofile\AppData\Local\Jenkins\.jenkins\workspace\CoalaSpace-Test-Jenkins-WebAPI\Achei.Client.Services.Test\bin\Debug\netcoreapp3.1\Achei.Client.Services.Test.dll" adapterTypeName="executor://xunit/VsTestRunner2/netcoreapp" className="Achei.Client.Services.Test.ClientTest" name="TestMapperAddressEntityToAddressViewModel" />
    </UnitTest>
  </TestDefinitions>
  <TestEntries>
    <TestEntry testId="bd65a7ac-c755-d842-5505-864c7c69978a" executionId="e44ab49a-5b71-4b87-8757-192ac9e3a23f" testListId="8c84fa94-04c1-424b-9868-57a2d4851a1d" />
    <TestEntry testId="234792a4-c706-74dd-6f02-8ebde0847852" executionId="b70d41cc-f9be-4660-ba45-637d3dce16b8" testListId="8c84fa94-04c1-424b-9868-57a2d4851a1d" />
    <TestEntry testId="2b4fca28-ecd5-ccec-0dd3-e478faf4e401" executionId="ce3d18f8-ddcf-42c5-aef1-506f2327c0df" testListId="8c84fa94-04c1-424b-9868-57a2d4851a1d" />
  </TestEntries>
  <TestLists>
    <TestList name="Resultados que não estão em uma lista" id="8c84fa94-04c1-424b-9868-57a2d4851a1d" />
    <TestList name="Todos os resultados carregados" id="19431567-8539-422a-85d7-44ee4e166bda" />
  </TestLists>
  <ResultSummary outcome="Completed">
    <Counters total="3" executed="3" passed="3" failed="0" error="0" timeout="0" aborted="0" inconclusive="0" passedButRunAborted="0" notRunnable="0" notExecuted="0" disconnected="0" warning="0" completed="0" inProgress="0" pending="0" />
    <Output>
      <StdOut>[xUnit.net 00:00:00.00] xUnit.net VSTest Adapter v2.4.0 (64-bit .NET Core 3.1.10)&#xD;
[xUnit.net 00:00:00.56]   Discovering: Achei.Client.Services.Test&#xD;
[xUnit.net 00:00:00.60]   Discovered:  Achei.Client.Services.Test&#xD;
[xUnit.net 00:00:00.60]   Starting:    Achei.Client.Services.Test&#xD;
[xUnit.net 00:00:00.85]   Finished:    Achei.Client.Services.Test&#xD;
</StdOut>
    </Output>
  </ResultSummary>
</TestRun>