<?xml version="1.0" encoding="utf-8"?>
<TestRun id="3ce2be57-513e-4724-97a1-f8b7c50c367c" name="DESKTOP-O7BEOHL$@DESKTOP-O7BEOHL 2021-01-10 12:11:22" runUser="AUTORIDADE NT\SISTEMA" xmlns="http://microsoft.com/schemas/VisualStudio/TeamTest/2010">
  <Times creation="2021-01-10T12:11:22.9901794-03:00" queuing="2021-01-10T12:11:22.9901804-03:00" start="2021-01-10T12:11:20.8536858-03:00" finish="2021-01-10T12:11:22.9963476-03:00" />
  <TestSettings name="default" id="79fc05e5-8b93-4901-be52-e7520ff75df8">
    <Deployment runDeploymentRoot="DESKTOP-O7BEOHL$_DESKTOP-O7BEOHL_2021-01-10_12_11_22" />
  </TestSettings>
  <Results>
    <UnitTestResult executionId="be6a98d3-8134-420b-869c-652cea1d98ef" testId="2b4fca28-ecd5-ccec-0dd3-e478faf4e401" testName="Achei.Client.Services.Test.ClientTest.TestMapperClientViewModelToClientEntity" computerName="DESKTOP-O7BEOHL" duration="00:00:00.1607785" startTime="2021-01-10T12:11:22.8368035-03:00" endTime="2021-01-10T12:11:22.8368971-03:00" testType="13cdc9d9-ddb5-4fa4-a97d-d965ccfc6d4b" outcome="Passed" testListId="8c84fa94-04c1-424b-9868-57a2d4851a1d" relativeResultsDirectory="be6a98d3-8134-420b-869c-652cea1d98ef" />
    <UnitTestResult executionId="e39722b3-7da4-47bd-aa30-125758914b56" testId="bd65a7ac-c755-d842-5505-864c7c69978a" testName="Achei.Client.Services.Test.ClientTest.TestMapperClientEntityToClientViewModel" computerName="DESKTOP-O7BEOHL" duration="00:00:00.0081564" startTime="2021-01-10T12:11:22.8445011-03:00" endTime="2021-01-10T12:11:22.8445025-03:00" testType="13cdc9d9-ddb5-4fa4-a97d-d965ccfc6d4b" outcome="Passed" testListId="8c84fa94-04c1-424b-9868-57a2d4851a1d" relativeResultsDirectory="e39722b3-7da4-47bd-aa30-125758914b56" />
    <UnitTestResult executionId="8cf2b061-0956-4fab-901f-4c1b9027856f" testId="234792a4-c706-74dd-6f02-8ebde0847852" testName="Achei.Client.Services.Test.ClientTest.TestMapperAddressEntityToAddressViewModel" computerName="DESKTOP-O7BEOHL" duration="00:00:00.0044811" startTime="2021-01-10T12:11:22.8490191-03:00" endTime="2021-01-10T12:11:22.8490202-03:00" testType="13cdc9d9-ddb5-4fa4-a97d-d965ccfc6d4b" outcome="Passed" testListId="8c84fa94-04c1-424b-9868-57a2d4851a1d" relativeResultsDirectory="8cf2b061-0956-4fab-901f-4c1b9027856f" />
  </Results>
  <TestDefinitions>
    <UnitTest name="Achei.Client.Services.Test.ClientTest.TestMapperClientEntityToClientViewModel" storage="c:\windows\system32\config\systemprofile\appdata\local\jenkins\.jenkins\workspace\coalaspace-test-jenkins-webapi\achei.client.services.test\bin\debug\netcoreapp3.1\achei.client.services.test.dll" id="bd65a7ac-c755-d842-5505-864c7c69978a">
      <Execution id="e39722b3-7da4-47bd-aa30-125758914b56" />
      <TestMethod codeBase="C:\Windows\System32\config\systemprofile\AppData\Local\Jenkins\.jenkins\workspace\CoalaSpace-Test-Jenkins-WebAPI\Achei.Client.Services.Test\bin\Debug\netcoreapp3.1\Achei.Client.Services.Test.dll" adapterTypeName="executor://xunit/VsTestRunner2/netcoreapp" className="Achei.Client.Services.Test.ClientTest" name="TestMapperClientEntityToClientViewModel" />
    </UnitTest>
    <UnitTest name="Achei.Client.Services.Test.ClientTest.TestMapperClientViewModelToClientEntity" storage="c:\windows\system32\config\systemprofile\appdata\local\jenkins\.jenkins\workspace\coalaspace-test-jenkins-webapi\achei.client.services.test\bin\debug\netcoreapp3.1\achei.client.services.test.dll" id="2b4fca28-ecd5-ccec-0dd3-e478faf4e401">
      <Execution id="be6a98d3-8134-420b-869c-652cea1d98ef" />
      <TestMethod codeBase="C:\Windows\System32\config\systemprofile\AppData\Local\Jenkins\.jenkins\workspace\CoalaSpace-Test-Jenkins-WebAPI\Achei.Client.Services.Test\bin\Debug\netcoreapp3.1\Achei.Client.Services.Test.dll" adapterTypeName="executor://xunit/VsTestRunner2/netcoreapp" className="Achei.Client.Services.Test.ClientTest" name="TestMapperClientViewModelToClientEntity" />
    </UnitTest>
    <UnitTest name="Achei.Client.Services.Test.ClientTest.TestMapperAddressEntityToAddressViewModel" storage="c:\windows\system32\config\systemprofile\appdata\local\jenkins\.jenkins\workspace\coalaspace-test-jenkins-webapi\achei.client.services.test\bin\debug\netcoreapp3.1\achei.client.services.test.dll" id="234792a4-c706-74dd-6f02-8ebde0847852">
      <Execution id="8cf2b061-0956-4fab-901f-4c1b9027856f" />
      <TestMethod codeBase="C:\Windows\System32\config\systemprofile\AppData\Local\Jenkins\.jenkins\workspace\CoalaSpace-Test-Jenkins-WebAPI\Achei.Client.Services.Test\bin\Debug\netcoreapp3.1\Achei.Client.Services.Test.dll" adapterTypeName="executor://xunit/VsTestRunner2/netcoreapp" className="Achei.Client.Services.Test.ClientTest" name="TestMapperAddressEntityToAddressViewModel" />
    </UnitTest>
  </TestDefinitions>
  <TestEntries>
    <TestEntry testId="2b4fca28-ecd5-ccec-0dd3-e478faf4e401" executionId="be6a98d3-8134-420b-869c-652cea1d98ef" testListId="8c84fa94-04c1-424b-9868-57a2d4851a1d" />
    <TestEntry testId="bd65a7ac-c755-d842-5505-864c7c69978a" executionId="e39722b3-7da4-47bd-aa30-125758914b56" testListId="8c84fa94-04c1-424b-9868-57a2d4851a1d" />
    <TestEntry testId="234792a4-c706-74dd-6f02-8ebde0847852" executionId="8cf2b061-0956-4fab-901f-4c1b9027856f" testListId="8c84fa94-04c1-424b-9868-57a2d4851a1d" />
  </TestEntries>
  <TestLists>
    <TestList name="Resultados que não estão em uma lista" id="8c84fa94-04c1-424b-9868-57a2d4851a1d" />
    <TestList name="Todos os resultados carregados" id="19431567-8539-422a-85d7-44ee4e166bda" />
  </TestLists>
  <ResultSummary outcome="Completed">
    <Counters total="3" executed="3" passed="3" failed="0" error="0" timeout="0" aborted="0" inconclusive="0" passedButRunAborted="0" notRunnable="0" notExecuted="0" disconnected="0" warning="0" completed="0" inProgress="0" pending="0" />
    <Output>
      <StdOut>[xUnit.net 00:00:00.00] xUnit.net VSTest Adapter v2.4.0 (64-bit .NET Core 3.1.10)&#xD;
[xUnit.net 00:00:00.58]   Discovering: Achei.Client.Services.Test&#xD;
[xUnit.net 00:00:00.62]   Discovered:  Achei.Client.Services.Test&#xD;
[xUnit.net 00:00:00.62]   Starting:    Achei.Client.Services.Test&#xD;
[xUnit.net 00:00:00.88]   Finished:    Achei.Client.Services.Test&#xD;
</StdOut>
    </Output>
  </ResultSummary>
</TestRun>