<?xml version="1.0" encoding="utf-8"?>
<TestRun id="506efa9a-1300-4a38-95a9-ff2306a34390" name="DESKTOP-O7BEOHL$@DESKTOP-O7BEOHL 2021-01-10 12:06:31" runUser="AUTORIDADE NT\SISTEMA" xmlns="http://microsoft.com/schemas/VisualStudio/TeamTest/2010">
  <Times creation="2021-01-10T12:06:31.1722525-03:00" queuing="2021-01-10T12:06:31.1722542-03:00" start="2021-01-10T12:06:28.3768780-03:00" finish="2021-01-10T12:06:31.1838458-03:00" />
  <TestSettings name="default" id="eae98dd4-6e79-4970-8b89-ac2bc56cc788">
    <Deployment runDeploymentRoot="DESKTOP-O7BEOHL$_DESKTOP-O7BEOHL_2021-01-10_12_06_31" />
  </TestSettings>
  <Results>
    <UnitTestResult executionId="068bbcb7-8785-4e5e-9ccb-1edaf82953af" testId="bd65a7ac-c755-d842-5505-864c7c69978a" testName="Achei.Client.Services.Test.ClientTest.TestMapperClientEntityToClientViewModel" computerName="DESKTOP-O7BEOHL" duration="00:00:00.0146512" startTime="2021-01-10T12:06:30.9421698-03:00" endTime="2021-01-10T12:06:30.9421730-03:00" testType="13cdc9d9-ddb5-4fa4-a97d-d965ccfc6d4b" outcome="Passed" testListId="8c84fa94-04c1-424b-9868-57a2d4851a1d" relativeResultsDirectory="068bbcb7-8785-4e5e-9ccb-1edaf82953af" />
    <UnitTestResult executionId="c4240b88-6094-4e94-b17c-f1f0de838e51" testId="2b4fca28-ecd5-ccec-0dd3-e478faf4e401" testName="Achei.Client.Services.Test.ClientTest.TestMapperClientViewModelToClientEntity" computerName="DESKTOP-O7BEOHL" duration="00:00:00.2492131" startTime="2021-01-10T12:06:30.9275283-03:00" endTime="2021-01-10T12:06:30.9276709-03:00" testType="13cdc9d9-ddb5-4fa4-a97d-d965ccfc6d4b" outcome="Passed" testListId="8c84fa94-04c1-424b-9868-57a2d4851a1d" relativeResultsDirectory="c4240b88-6094-4e94-b17c-f1f0de838e51" />
    <UnitTestResult executionId="5fb97920-645c-4502-a31a-07665651e01d" testId="234792a4-c706-74dd-6f02-8ebde0847852" testName="Achei.Client.Services.Test.ClientTest.TestMapperAddressEntityToAddressViewModel" computerName="DESKTOP-O7BEOHL" duration="00:00:00.0072220" startTime="2021-01-10T12:06:30.9494992-03:00" endTime="2021-01-10T12:06:30.9495019-03:00" testType="13cdc9d9-ddb5-4fa4-a97d-d965ccfc6d4b" outcome="Passed" testListId="8c84fa94-04c1-424b-9868-57a2d4851a1d" relativeResultsDirectory="5fb97920-645c-4502-a31a-07665651e01d" />
  </Results>
  <TestDefinitions>
    <UnitTest name="Achei.Client.Services.Test.ClientTest.TestMapperClientEntityToClientViewModel" storage="c:\windows\system32\config\systemprofile\appdata\local\jenkins\.jenkins\workspace\coalaspace-test-jenkins-webapi\achei.client.services.test\bin\debug\netcoreapp3.1\achei.client.services.test.dll" id="bd65a7ac-c755-d842-5505-864c7c69978a">
      <Execution id="068bbcb7-8785-4e5e-9ccb-1edaf82953af" />
      <TestMethod codeBase="C:\Windows\System32\config\systemprofile\AppData\Local\Jenkins\.jenkins\workspace\CoalaSpace-Test-Jenkins-WebAPI\Achei.Client.Services.Test\bin\Debug\netcoreapp3.1\Achei.Client.Services.Test.dll" adapterTypeName="executor://xunit/VsTestRunner2/netcoreapp" className="Achei.Client.Services.Test.ClientTest" name="TestMapperClientEntityToClientViewModel" />
    </UnitTest>
    <UnitTest name="Achei.Client.Services.Test.ClientTest.TestMapperClientViewModelToClientEntity" storage="c:\windows\system32\config\systemprofile\appdata\local\jenkins\.jenkins\workspace\coalaspace-test-jenkins-webapi\achei.client.services.test\bin\debug\netcoreapp3.1\achei.client.services.test.dll" id="2b4fca28-ecd5-ccec-0dd3-e478faf4e401">
      <Execution id="c4240b88-6094-4e94-b17c-f1f0de838e51" />
      <TestMethod codeBase="C:\Windows\System32\config\systemprofile\AppData\Local\Jenkins\.jenkins\workspace\CoalaSpace-Test-Jenkins-WebAPI\Achei.Client.Services.Test\bin\Debug\netcoreapp3.1\Achei.Client.Services.Test.dll" adapterTypeName="executor://xunit/VsTestRunner2/netcoreapp" className="Achei.Client.Services.Test.ClientTest" name="TestMapperClientViewModelToClientEntity" />
    </UnitTest>
    <UnitTest name="Achei.Client.Services.Test.ClientTest.TestMapperAddressEntityToAddressViewModel" storage="c:\windows\system32\config\systemprofile\appdata\local\jenkins\.jenkins\workspace\coalaspace-test-jenkins-webapi\achei.client.services.test\bin\debug\netcoreapp3.1\achei.client.services.test.dll" id="234792a4-c706-74dd-6f02-8ebde0847852">
      <Execution id="5fb97920-645c-4502-a31a-07665651e01d" />
      <TestMethod codeBase="C:\Windows\System32\config\systemprofile\AppData\Local\Jenkins\.jenkins\workspace\CoalaSpace-Test-Jenkins-WebAPI\Achei.Client.Services.Test\bin\Debug\netcoreapp3.1\Achei.Client.Services.Test.dll" adapterTypeName="executor://xunit/VsTestRunner2/netcoreapp" className="Achei.Client.Services.Test.ClientTest" name="TestMapperAddressEntityToAddressViewModel" />
    </UnitTest>
  </TestDefinitions>
  <TestEntries>
    <TestEntry testId="bd65a7ac-c755-d842-5505-864c7c69978a" executionId="068bbcb7-8785-4e5e-9ccb-1edaf82953af" testListId="8c84fa94-04c1-424b-9868-57a2d4851a1d" />
    <TestEntry testId="2b4fca28-ecd5-ccec-0dd3-e478faf4e401" executionId="c4240b88-6094-4e94-b17c-f1f0de838e51" testListId="8c84fa94-04c1-424b-9868-57a2d4851a1d" />
    <TestEntry testId="234792a4-c706-74dd-6f02-8ebde0847852" executionId="5fb97920-645c-4502-a31a-07665651e01d" testListId="8c84fa94-04c1-424b-9868-57a2d4851a1d" />
  </TestEntries>
  <TestLists>
    <TestList name="Resultados que não estão em uma lista" id="8c84fa94-04c1-424b-9868-57a2d4851a1d" />
    <TestList name="Todos os resultados carregados" id="19431567-8539-422a-85d7-44ee4e166bda" />
  </TestLists>
  <ResultSummary outcome="Completed">
    <Counters total="3" executed="3" passed="3" failed="0" error="0" timeout="0" aborted="0" inconclusive="0" passedButRunAborted="0" notRunnable="0" notExecuted="0" disconnected="0" warning="0" completed="0" inProgress="0" pending="0" />
    <Output>
      <StdOut>[xUnit.net 00:00:00.00] xUnit.net VSTest Adapter v2.4.0 (64-bit .NET Core 3.1.10)&#xD;
[xUnit.net 00:00:00.69]   Discovering: Achei.Client.Services.Test&#xD;
[xUnit.net 00:00:00.74]   Discovered:  Achei.Client.Services.Test&#xD;
[xUnit.net 00:00:00.75]   Starting:    Achei.Client.Services.Test&#xD;
[xUnit.net 00:00:01.12]   Finished:    Achei.Client.Services.Test&#xD;
</StdOut>
    </Output>
  </ResultSummary>
</TestRun>