<?xml version="1.0" encoding="utf-8"?>
<TestRun id="6a7c5791-22d6-4a4e-9fe4-37b7d204be78" name="DESKTOP-O7BEOHL$@DESKTOP-O7BEOHL 2021-01-10 12:12:32" runUser="AUTORIDADE NT\SISTEMA" xmlns="http://microsoft.com/schemas/VisualStudio/TeamTest/2010">
  <Times creation="2021-01-10T12:12:32.0378098-03:00" queuing="2021-01-10T12:12:32.0378107-03:00" start="2021-01-10T12:12:29.2481893-03:00" finish="2021-01-10T12:12:32.0443248-03:00" />
  <TestSettings name="default" id="c1ec073d-445f-402c-81eb-31fe2bb9fcb2">
    <Deployment runDeploymentRoot="DESKTOP-O7BEOHL$_DESKTOP-O7BEOHL_2021-01-10_12_12_32" />
  </TestSettings>
  <Results>
    <UnitTestResult executionId="6d60446b-74c3-4f92-8927-cccfbe5adee1" testId="2b4fca28-ecd5-ccec-0dd3-e478faf4e401" testName="Achei.Client.Services.Test.ClientTest.TestMapperClientViewModelToClientEntity" computerName="DESKTOP-O7BEOHL" duration="00:00:00.1831759" startTime="2021-01-10T12:12:31.8517699-03:00" endTime="2021-01-10T12:12:31.8518847-03:00" testType="13cdc9d9-ddb5-4fa4-a97d-d965ccfc6d4b" outcome="Passed" testListId="8c84fa94-04c1-424b-9868-57a2d4851a1d" relativeResultsDirectory="6d60446b-74c3-4f92-8927-cccfbe5adee1" />
    <UnitTestResult executionId="adc874d9-c59c-4c0c-a90b-ff565e7f5dd3" testId="234792a4-c706-74dd-6f02-8ebde0847852" testName="Achei.Client.Services.Test.ClientTest.TestMapperAddressEntityToAddressViewModel" computerName="DESKTOP-O7BEOHL" duration="00:00:00.0051798" startTime="2021-01-10T12:12:31.8656577-03:00" endTime="2021-01-10T12:12:31.8656607-03:00" testType="13cdc9d9-ddb5-4fa4-a97d-d965ccfc6d4b" outcome="Passed" testListId="8c84fa94-04c1-424b-9868-57a2d4851a1d" relativeResultsDirectory="adc874d9-c59c-4c0c-a90b-ff565e7f5dd3" />
    <UnitTestResult executionId="472f6c17-9e34-493f-b6b6-7bf8f5bdcb08" testId="bd65a7ac-c755-d842-5505-864c7c69978a" testName="Achei.Client.Services.Test.ClientTest.TestMapperClientEntityToClientViewModel" computerName="DESKTOP-O7BEOHL" duration="00:00:00.0091591" startTime="2021-01-10T12:12:31.8604263-03:00" endTime="2021-01-10T12:12:31.8604286-03:00" testType="13cdc9d9-ddb5-4fa4-a97d-d965ccfc6d4b" outcome="Passed" testListId="8c84fa94-04c1-424b-9868-57a2d4851a1d" relativeResultsDirectory="472f6c17-9e34-493f-b6b6-7bf8f5bdcb08" />
  </Results>
  <TestDefinitions>
    <UnitTest name="Achei.Client.Services.Test.ClientTest.TestMapperClientEntityToClientViewModel" storage="c:\windows\system32\config\systemprofile\appdata\local\jenkins\.jenkins\workspace\coalaspace-test-jenkins-webapi\achei.client.services.test\bin\debug\netcoreapp3.1\achei.client.services.test.dll" id="bd65a7ac-c755-d842-5505-864c7c69978a">
      <Execution id="472f6c17-9e34-493f-b6b6-7bf8f5bdcb08" />
      <TestMethod codeBase="C:\Windows\System32\config\systemprofile\AppData\Local\Jenkins\.jenkins\workspace\CoalaSpace-Test-Jenkins-WebAPI\Achei.Client.Services.Test\bin\Debug\netcoreapp3.1\Achei.Client.Services.Test.dll" adapterTypeName="executor://xunit/VsTestRunner2/netcoreapp" className="Achei.Client.Services.Test.ClientTest" name="TestMapperClientEntityToClientViewModel" />
    </UnitTest>
    <UnitTest name="Achei.Client.Services.Test.ClientTest.TestMapperClientViewModelToClientEntity" storage="c:\windows\system32\config\systemprofile\appdata\local\jenkins\.jenkins\workspace\coalaspace-test-jenkins-webapi\achei.client.services.test\bin\debug\netcoreapp3.1\achei.client.services.test.dll" id="2b4fca28-ecd5-ccec-0dd3-e478faf4e401">
      <Execution id="6d60446b-74c3-4f92-8927-cccfbe5adee1" />
      <TestMethod codeBase="C:\Windows\System32\config\systemprofile\AppData\Local\Jenkins\.jenkins\workspace\CoalaSpace-Test-Jenkins-WebAPI\Achei.Client.Services.Test\bin\Debug\netcoreapp3.1\Achei.Client.Services.Test.dll" adapterTypeName="executor://xunit/VsTestRunner2/netcoreapp" className="Achei.Client.Services.Test.ClientTest" name="TestMapperClientViewModelToClientEntity" />
    </UnitTest>
    <UnitTest name="Achei.Client.Services.Test.ClientTest.TestMapperAddressEntityToAddressViewModel" storage="c:\windows\system32\config\systemprofile\appdata\local\jenkins\.jenkins\workspace\coalaspace-test-jenkins-webapi\achei.client.services.test\bin\debug\netcoreapp3.1\achei.client.services.test.dll" id="234792a4-c706-74dd-6f02-8ebde0847852">
      <Execution id="adc874d9-c59c-4c0c-a90b-ff565e7f5dd3" />
      <TestMethod codeBase="C:\Windows\System32\config\systemprofile\AppData\Local\Jenkins\.jenkins\workspace\CoalaSpace-Test-Jenkins-WebAPI\Achei.Client.Services.Test\bin\Debug\netcoreapp3.1\Achei.Client.Services.Test.dll" adapterTypeName="executor://xunit/VsTestRunner2/netcoreapp" className="Achei.Client.Services.Test.ClientTest" name="TestMapperAddressEntityToAddressViewModel" />
    </UnitTest>
  </TestDefinitions>
  <TestEntries>
    <TestEntry testId="2b4fca28-ecd5-ccec-0dd3-e478faf4e401" executionId="6d60446b-74c3-4f92-8927-cccfbe5adee1" testListId="8c84fa94-04c1-424b-9868-57a2d4851a1d" />
    <TestEntry testId="234792a4-c706-74dd-6f02-8ebde0847852" executionId="adc874d9-c59c-4c0c-a90b-ff565e7f5dd3" testListId="8c84fa94-04c1-424b-9868-57a2d4851a1d" />
    <TestEntry testId="bd65a7ac-c755-d842-5505-864c7c69978a" executionId="472f6c17-9e34-493f-b6b6-7bf8f5bdcb08" testListId="8c84fa94-04c1-424b-9868-57a2d4851a1d" />
  </TestEntries>
  <TestLists>
    <TestList name="Resultados que não estão em uma lista" id="8c84fa94-04c1-424b-9868-57a2d4851a1d" />
    <TestList name="Todos os resultados carregados" id="19431567-8539-422a-85d7-44ee4e166bda" />
  </TestLists>
  <ResultSummary outcome="Completed">
    <Counters total="3" executed="3" passed="3" failed="0" error="0" timeout="0" aborted="0" inconclusive="0" passedButRunAborted="0" notRunnable="0" notExecuted="0" disconnected="0" warning="0" completed="0" inProgress="0" pending="0" />
    <Output>
      <StdOut>[xUnit.net 00:00:00.00] xUnit.net VSTest Adapter v2.4.0 (64-bit .NET Core 3.1.10)&#xD;
[xUnit.net 00:00:00.86]   Discovering: Achei.Client.Services.Test&#xD;
[xUnit.net 00:00:00.91]   Discovered:  Achei.Client.Services.Test&#xD;
[xUnit.net 00:00:00.91]   Starting:    Achei.Client.Services.Test&#xD;
[xUnit.net 00:00:01.20]   Finished:    Achei.Client.Services.Test&#xD;
</StdOut>
    </Output>
  </ResultSummary>
</TestRun>